<?xml version="1.0" encoding="UTF-8"?>
<!-- Generated by org.testng.reporters.JUnitXMLReporter -->
<testsuite ignored="0" hostname="LAPTOP-OG0KRC8M" failures="0" tests="4" name="groupTest" time="0.043" errors="0" timestamp="06 Jun 2019 01:37:38 GMT">
  <testcase classname="com.class03.GroupsExample" name="Four" time="0.012"/>
  <testcase classname="com.class03.GroupsExample" name="Three" time="0.001"/>
  <testcase classname="com.class03.GroupsExample" name="Two" time="0.001"/>
  <testcase classname="com.class03.GroupsExample" name="one" time="0.001"/>
</testsuite> <!-- groupTest -->
