<?xml version="1.0" encoding="UTF-8"?>
<!-- Generated by org.testng.reporters.JUnitXMLReporter -->
<testsuite ignored="0" hostname="LAPTOP-OG0KRC8M" failures="0" tests="2" name="Test" time="0.079" errors="0" timestamp="12 Jun 2019 01:28:15 GMT">
  <testcase classname="com.class05.TaskOneDataProvider" name="@BeforeMethod setUp" time="0.0">
    <failure type="org.testng.TestNGException" message="
Method setUp requires 4 parameters but 3 were supplied in the BeforeMethod annotation.">
      <![CDATA[org.testng.TestNGException: 
Method setUp requires 4 parameters but 3 were supplied in the BeforeMethod annotation.
at java.base/java.util.concurrent.FutureTask.run(Unknown Source)
at java.base/java.util.concurrent.ThreadPoolExecutor.runWorker(Unknown Source)
at java.base/java.util.concurrent.ThreadPoolExecutor$Worker.run(Unknown Source)
at java.base/java.lang.Thread.run(Unknown Source)
... Removed 16 stack frames]]>
    </failure>
  </testcase> <!-- @BeforeMethod setUp -->
  <testcase classname="com.class05.TaskOneDataProvider" name="@BeforeMethod setUp" time="0.0">
    <failure type="org.testng.TestNGException" message="
Method setUp requires 4 parameters but 3 were supplied in the BeforeMethod annotation.">
      <![CDATA[org.testng.TestNGException: 
Method setUp requires 4 parameters but 3 were supplied in the BeforeMethod annotation.
at java.base/java.util.concurrent.FutureTask.run(Unknown Source)
at java.base/java.util.concurrent.ThreadPoolExecutor.runWorker(Unknown Source)
at java.base/java.util.concurrent.ThreadPoolExecutor$Worker.run(Unknown Source)
at java.base/java.lang.Thread.run(Unknown Source)
... Removed 16 stack frames]]>
    </failure>
  </testcase> <!-- @BeforeMethod setUp -->
  <testcase classname="com.class05.TaskOneDataProvider" name="@AfterMethod tearDown" time="0.0">
    <skipped/>
  </testcase> <!-- @AfterMethod tearDown -->
  <testcase classname="com.class05.TaskOneDataProvider" name="@BeforeMethod setUp" time="0.0">
    <skipped/>
  </testcase> <!-- @BeforeMethod setUp -->
  <testcase classname="com.class05.TaskOneDataProvider" name="@AfterMethod tearDown" time="0.0">
    <skipped/>
  </testcase> <!-- @AfterMethod tearDown -->
  <testcase classname="com.class05.TaskOneDataProvider" name="@BeforeMethod setUp" time="0.0">
    <skipped/>
  </testcase> <!-- @BeforeMethod setUp -->
  <testcase classname="com.class05.TaskOneDataProvider" name="@AfterMethod tearDown" time="0.0">
    <skipped/>
  </testcase> <!-- @AfterMethod tearDown -->
  <testcase classname="com.class05.TaskOneDataProvider" name="@AfterMethod tearDown" time="0.0">
    <skipped/>
  </testcase> <!-- @AfterMethod tearDown -->
  <testcase classname="com.class05.TaskOneDataProvider" name="testUsers" time="0.0">
    <skipped/>
  </testcase> <!-- testUsers -->
  <testcase classname="com.class05.TaskOneDataProvider" name="testUsers" time="0.0">
    <skipped/>
  </testcase> <!-- testUsers -->
</testsuite> <!-- Test -->
